2023-01-02 13:25:45,367  INFO [main] CrelioHealthInventoryLogs:58 - opened the Browser
2023-01-02 13:25:45,609  INFO [main] CrelioHealthInventoryLogs:60 - Username  Entered.....
2023-01-02 13:25:45,720  INFO [main] CrelioHealthInventoryLogs:63 - Password Entered.....
2023-01-02 13:25:49,860  INFO [main] CrelioHealthInventoryLogs:66 - securesignin.....
2023-01-02 13:25:50,552  INFO [main] CrelioHealthInventoryLogs:41 - SupplierMasterlistClick Cliked
2023-01-02 13:25:52,737  INFO [main] CrelioHealthInventoryLogs:44 - AddNewSupplierClick Cliked
2023-01-02 13:25:52,738  INFO [main] CrelioHealthInventoryLogs:46 - Random Inventory name has been generated....
2023-01-02 13:25:52,927  INFO [main] CrelioHealthInventoryLogs:48 - Supplier name Entered ...
2023-01-02 13:25:55,102  INFO [main] CrelioHealthInventoryLogs:51 - Mobile number  Entered ...
2023-01-02 13:25:55,404  INFO [main] CrelioHealthInventoryLogs:54 - Email Entered ...
2023-01-02 13:25:55,519  INFO [main] CrelioHealthInventoryLogs:57 - ContactPersonName  Entered ...
2023-01-02 13:25:55,644  INFO [main] CrelioHealthInventoryLogs:60 - ContactPersonMobileNumber  Entered ...
2023-01-02 13:25:55,869  INFO [main] CrelioHealthInventoryLogs:63 - ContactPersonEmailId  Entered ...
2023-01-02 13:25:55,976  INFO [main] CrelioHealthInventoryLogs:66 - City Entered ...Pune
2023-01-02 13:25:56,081  INFO [main] CrelioHealthInventoryLogs:69 - Address Entered ...Pune
2023-01-02 13:25:56,265  INFO [main] CrelioHealthInventoryLogs:71 - Account nuber Entered ...1234353554
2023-01-02 13:25:56,265  INFO [main] CrelioHealthInventoryLogs:85 - Remark ...Sampat's Sanity suit Preparation
2023-01-02 13:26:01,345  INFO [main] CrelioHealthInventoryLogs:88 - Cliked on Add Suppler and Supplier added
2023-01-02 13:26:06,573  INFO [main] CrelioHealthInventoryLogs:91 - Search Supplier....
2023-01-02 13:26:09,889  INFO [main] CrelioHealthInventoryLogs:77 - Browser Closed........!!!1
